<?xml version="1.0" encoding="UTF-8"?>
<robot generator="Robot 4.1.2 (Python 3.10.0 on darwin)" generated="20230915 17:27:30.503" rpa="false" schemaversion="2">
<suite id="s1" name="Testcase1" source="/Users/anusha.chalawadi/Anusha/Test/Robotframework/Testcases/Testcase1.robot">
<test id="s1-t1" name="Scenario : To submit form and verify the input fields">
<kw name="Given Login to Application" library="UIKeywords">
<kw name="Open Browser" library="SeleniumLibrary">
<arg>${LOGIN URL}</arg>
<arg>${BROWSER}</arg>
<doc>Opens a new browser instance to the optional ``url``.</doc>
<msg timestamp="20230915 17:27:30.911" level="INFO">Opening browser 'firefox' to base url 'https://automationinterface1.front.staging.optimy.net/en/'.</msg>
<msg timestamp="20230915 17:27:30.917" level="INFO">Firefox driver log is always forced to to: /Users/anusha.chalawadi/Anusha/Test/Robotframework/Testcases/geckodriver-2.log</msg>
<status status="PASS" starttime="20230915 17:27:30.911" endtime="20230915 17:27:37.779"/>
</kw>
<kw name="Maximize Browser Window" library="SeleniumLibrary">
<doc>Maximizes current browser window.</doc>
<status status="PASS" starttime="20230915 17:27:37.779" endtime="20230915 17:27:38.385"/>
</kw>
<kw name="Sleep" library="BuiltIn">
<arg>5</arg>
<doc>Pauses the test executed for the given time.</doc>
<msg timestamp="20230915 17:27:43.386" level="INFO">Slept 5 seconds</msg>
<status status="PASS" starttime="20230915 17:27:38.385" endtime="20230915 17:27:43.386"/>
</kw>
<kw name="Click Button" library="SeleniumLibrary">
<arg>${acceptCookies}</arg>
<doc>Clicks the button identified by ``locator``.</doc>
<msg timestamp="20230915 17:27:43.387" level="INFO">Clicking button '//button[contains(text(),'Allow all cookies')]'.</msg>
<status status="PASS" starttime="20230915 17:27:43.386" endtime="20230915 17:27:43.631"/>
</kw>
<kw name="Sleep" library="BuiltIn">
<arg>5</arg>
<doc>Pauses the test executed for the given time.</doc>
<msg timestamp="20230915 17:27:48.633" level="INFO">Slept 5 seconds</msg>
<status status="PASS" starttime="20230915 17:27:43.631" endtime="20230915 17:27:48.633"/>
</kw>
<kw name="Wait Until Page Contains" library="SeleniumLibrary">
<arg>${submitNewApp}</arg>
<doc>Waits until ``text`` appears on the current page.</doc>
<status status="PASS" starttime="20230915 17:27:48.633" endtime="20230915 17:27:48.641"/>
</kw>
<status status="PASS" starttime="20230915 17:27:30.911" endtime="20230915 17:27:48.642"/>
</kw>
<kw name="And Provide valid user credentials" library="UIKeywords">
<kw name="Wait Until Page Contains" library="SeleniumLibrary">
<arg>${submitNewApp}</arg>
<doc>Waits until ``text`` appears on the current page.</doc>
<status status="PASS" starttime="20230915 17:27:48.642" endtime="20230915 17:27:48.646"/>
</kw>
<kw name="Click Element" library="SeleniumLibrary">
<arg>${submitappBtn}</arg>
<doc>Click the element identified by ``locator``.</doc>
<msg timestamp="20230915 17:27:48.647" level="INFO">Clicking element '//a[@class='btn btn-primary btn-lg col-md-auto']'.</msg>
<status status="PASS" starttime="20230915 17:27:48.646" endtime="20230915 17:27:50.972"/>
</kw>
<kw name="Input Text" library="SeleniumLibrary">
<arg>email</arg>
<arg>${username}</arg>
<doc>Types the given ``text`` into the text field identified by ``locator``.</doc>
<msg timestamp="20230915 17:27:50.972" level="INFO">Typing text 'optimyautomationtester@gmail.com' into text field 'email'.</msg>
<status status="PASS" starttime="20230915 17:27:50.972" endtime="20230915 17:27:51.032"/>
</kw>
<kw name="Input Text" library="SeleniumLibrary">
<arg>password</arg>
<arg>${password}</arg>
<doc>Types the given ``text`` into the text field identified by ``locator``.</doc>
<msg timestamp="20230915 17:27:51.032" level="INFO">Typing text 'yRMhojb7' into text field 'password'.</msg>
<status status="PASS" starttime="20230915 17:27:51.032" endtime="20230915 17:27:51.061"/>
</kw>
<kw name="Click Button" library="SeleniumLibrary">
<arg>${loginbtn}</arg>
<doc>Clicks the button identified by ``locator``.</doc>
<msg timestamp="20230915 17:27:51.061" level="INFO">Clicking button '//button[contains(text(),'Login')]'.</msg>
<status status="PASS" starttime="20230915 17:27:51.061" endtime="20230915 17:27:53.340"/>
</kw>
<kw name="Wait Until Page Contains" library="SeleniumLibrary">
<arg>${submitNewApp}</arg>
<doc>Waits until ``text`` appears on the current page.</doc>
<status status="PASS" starttime="20230915 17:27:53.340" endtime="20230915 17:27:53.345"/>
</kw>
<status status="PASS" starttime="20230915 17:27:48.642" endtime="20230915 17:27:53.345"/>
</kw>
<kw name="When Fill out the form and upload file" library="UIKeywords">
<kw name="Sleep" library="BuiltIn">
<arg>5</arg>
<doc>Pauses the test executed for the given time.</doc>
<msg timestamp="20230915 17:27:58.346" level="INFO">Slept 5 seconds</msg>
<status status="PASS" starttime="20230915 17:27:53.345" endtime="20230915 17:27:58.346"/>
</kw>
<kw name="Wait Until Page Contains" library="SeleniumLibrary">
<arg>${appProcessing}</arg>
<doc>Waits until ``text`` appears on the current page.</doc>
<status status="PASS" starttime="20230915 17:27:58.346" endtime="20230915 17:27:58.353"/>
</kw>
<kw name="Click Element" library="SeleniumLibrary">
<arg>${text}</arg>
<doc>Click the element identified by ``locator``.</doc>
<msg timestamp="20230915 17:27:58.353" level="INFO">Clicking element '//body[contains(@class,'page-project-resume-draft')]/div[contains(@class,'page-wrapper min-vh-100 d-flex flex-column')]/main[@id='content']/div[contains(@class,'container-md flex-fill d-flex flex-column')]/div[contains(@class,'justify-content-md-center')]/div[contains(@class,'page-main__content page-main__submissions col-md-8 col-xl-9')]/div[contains(@class,'page-main__content-wrapper')]/section/ul[contains(@class,'list-unstyled')]/li[1]/a[1]'.</msg>
<status status="PASS" starttime="20230915 17:27:58.353" endtime="20230915 17:28:00.458"/>
</kw>
<kw name="Choose File" library="SeleniumLibrary">
<arg>${choosefile}</arg>
<arg>${filepath}</arg>
<doc>Inputs the ``file_path`` into the file input field ``locator``.</doc>
<msg timestamp="20230915 17:28:00.458" level="INFO">Sending /Users/anusha.chalawadi/Anusha/Test/Robotframework/TestData/sample.jpeg to browser.</msg>
<status status="PASS" starttime="20230915 17:28:00.458" endtime="20230915 17:28:00.493"/>
</kw>
<kw name="Sleep" library="BuiltIn">
<arg>5</arg>
<doc>Pauses the test executed for the given time.</doc>
<msg timestamp="20230915 17:28:05.494" level="INFO">Slept 5 seconds</msg>
<status status="PASS" starttime="20230915 17:28:00.494" endtime="20230915 17:28:05.494"/>
</kw>
<kw name="Click Element" library="SeleniumLibrary">
<arg>${nextButtonAfterformfill}</arg>
<doc>Click the element identified by ``locator``.</doc>
<msg timestamp="20230915 17:28:05.495" level="INFO">Clicking element '//button[@id='navButtonNext']'.</msg>
<status status="PASS" starttime="20230915 17:28:05.495" endtime="20230915 17:28:05.724"/>
</kw>
<status status="PASS" starttime="20230915 17:27:53.345" endtime="20230915 17:28:05.724"/>
</kw>
<kw name="Then Verify input filed in summary screen" library="UIKeywords">
<kw name="Wait Until Page Contains" library="SeleniumLibrary">
<arg>${summaryText}</arg>
<doc>Waits until ``text`` appears on the current page.</doc>
<status status="PASS" starttime="20230915 17:28:05.725" endtime="20230915 17:28:05.736"/>
</kw>
<kw name="Wait Until Element Contains" library="SeleniumLibrary">
<arg>${fullName}</arg>
<arg>Full name</arg>
<doc>Waits until the element ``locator`` contains ``text``.</doc>
<status status="PASS" starttime="20230915 17:28:05.736" endtime="20230915 17:28:08.244"/>
</kw>
<kw name="Wait Until Element Contains" library="SeleniumLibrary">
<arg>${addressfiled}</arg>
<arg>Address</arg>
<doc>Waits until the element ``locator`` contains ``text``.</doc>
<status status="PASS" starttime="20230915 17:28:08.244" endtime="20230915 17:28:08.252"/>
</kw>
<kw name="Wait Until Element Contains" library="SeleniumLibrary">
<arg>${photo}</arg>
<arg>Photo</arg>
<doc>Waits until the element ``locator`` contains ``text``.</doc>
<status status="PASS" starttime="20230915 17:28:08.252" endtime="20230915 17:28:08.259"/>
</kw>
<kw name="Click Button" library="SeleniumLibrary">
<arg>${validateButton}</arg>
<doc>Clicks the button identified by ``locator``.</doc>
<msg timestamp="20230915 17:28:08.260" level="INFO">Clicking button '//div[contains(@class,'mt-4 mb-2 mt-md-0 card-footer d-none d-md-flex justify-content-between align-items-center')]//button[@id='submitButton']'.</msg>
<status status="PASS" starttime="20230915 17:28:08.260" endtime="20230915 17:28:08.484"/>
</kw>
<status status="PASS" starttime="20230915 17:28:05.725" endtime="20230915 17:28:08.485"/>
</kw>
<kw name="Then Verify page redirected to Thank you page" library="UIKeywords">
<kw name="Wait Until Page Contains" library="SeleniumLibrary">
<arg>${thankYouMsg}</arg>
<doc>Waits until ``text`` appears on the current page.</doc>
<status status="PASS" starttime="20230915 17:28:08.485" endtime="20230915 17:28:09.320"/>
</kw>
<status status="PASS" starttime="20230915 17:28:08.485" endtime="20230915 17:28:09.320"/>
</kw>
<status status="PASS" starttime="20230915 17:27:30.910" endtime="20230915 17:28:09.320"/>
</test>
<kw name="Close Browser" library="SeleniumLibrary" type="TEARDOWN">
<doc>Closes the current browser.</doc>
<status status="PASS" starttime="20230915 17:28:09.321" endtime="20230915 17:28:10.203"/>
</kw>
<doc>UI testcases.</doc>
<status status="PASS" starttime="20230915 17:27:30.504" endtime="20230915 17:28:10.203"/>
</suite>
<statistics>
<total>
<stat pass="1" fail="0" skip="0">All Tests</stat>
</total>
<tag>
</tag>
<suite>
<stat pass="1" fail="0" skip="0" id="s1" name="Testcase1">Testcase1</stat>
</suite>
</statistics>
<errors>
<msg timestamp="20230915 17:27:30.813" level="ERROR">Error in file '/Users/anusha.chalawadi/Anusha/Test/Robotframework/Keywords/UIKeywords.robot' on line 6: Importing library 'Browser' failed: ModuleNotFoundError: No module named 'Browser'
Traceback (most recent call last):
  None
PYTHONPATH:
  /Library/Frameworks/Python.framework/Versions/3.10/bin
  /Library/Frameworks/Python.framework/Versions/3.10/lib/python310.zip
  /Library/Frameworks/Python.framework/Versions/3.10/lib/python3.10
  /Library/Frameworks/Python.framework/Versions/3.10/lib/python3.10/lib-dynload
  /Library/Frameworks/Python.framework/Versions/3.10/lib/python3.10/site-packages</msg>
</errors>
</robot>
